Reading netlist file: "C:\Users\kuroc\Downloads\cpu\impl\gwsynthesis\cpu.vg"
Parsing netlist file "C:\Users\kuroc\Downloads\cpu\impl\gwsynthesis\cpu.vg" completed
Processing netlist completed
Reading constraint file: "C:\Users\kuroc\Downloads\cpu\src\cpu.cst"
Physical Constraint parsed completed
Running placement......
[10%] Placement Phase 0 completed
[20%] Placement Phase 1 completed
[30%] Placement Phase 2 completed
[50%] Placement Phase 3 completed
Running routing......
[60%] Routing Phase 0 completed
[70%] Routing Phase 1 completed
[80%] Routing Phase 2 completed
[90%] Routing Phase 3 completed
Running timing analysis......
[95%] Timing analysis completed
Placement and routing completed
Bitstream generation in progress......
Bitstream generation completed
Running power analysis......
[100%] Power analysis completed
Generate file "C:\Users\kuroc\Downloads\cpu\impl\pnr\cpu.power.html" completed
Generate file "C:\Users\kuroc\Downloads\cpu\impl\pnr\cpu.pin.html" completed
Generate file "C:\Users\kuroc\Downloads\cpu\impl\pnr\cpu.rpt.html" completed
Generate file "C:\Users\kuroc\Downloads\cpu\impl\pnr\cpu.rpt.txt" completed
Generate file "C:\Users\kuroc\Downloads\cpu\impl\pnr\cpu.tr.html" completed
Thu May 18 11:35:38 2023

